1692216417034	geckodriver	INFO	Listening on 127.0.0.1:57169
1692216420090	mozrunner::runner	INFO	Running command: "C:\\Program Files\\Mozilla Firefox\\firefox.exe" "--marionette" "--remote-debugging-port" "57170" "--remote-allow-hosts" "localhost" "-no-remote" "-profile" "C:\\Users\\Sandoval\\AppData\\Local\\Temp\\rust_mozprofilev0dfFU"
console.warn: services.settings: Ignoring preference override of remote settings server
console.warn: services.settings: Allow by setting MOZ_REMOTE_SETTINGS_DEVTOOLS=1 in the environment
1692216420444	Marionette	INFO	Marionette enabled
Dynamically enable window occlusion 0
1692216420561	Marionette	INFO	Listening on port 57184
WebDriver BiDi listening on ws://127.0.0.1:57170
Read port: 57184
1692216420867	RemoteAgent	WARN	TLS certificate errors will be ignored for this session
DevTools listening on ws://127.0.0.1:57170/devtools/browser/3c73663c-1338-4bef-b6f5-00d67773a499
JavaScript error: https://www.farmaciasdrahorro.com.ar/, line 2808: SyntaxError: redeclaration of const selector
JavaScript note: https://www.farmaciasdrahorro.com.ar/, line 2800: Previously declared at line 2800, column 6
[Parent 21728, IPC I/O Parent] WARNING: DuplicateHandle failed for handle 0 in TransferHandles: file /builds/worker/checkouts/gecko/ipc/chromium/src/chrome/common/ipc_channel_win.cc:621
[GPU 23692, IPC I/O Child] WARNING: pipe error: 232: file /builds/worker/checkouts/gecko/ipc/chromium/src/chrome/common/ipc_channel_win.cc:443
console.warn: LoginRecipes: "Falling back to a synchronous message for: https://www.farmaciasdrahorro.com.ar."
console.warn: LoginRecipes: "Falling back to a synchronous message for: https://www.farmaciasdrahorro.com.ar."
JavaScript error: https://www.farmaciasdrahorro.com.ar/, line 2752: SyntaxError: redeclaration of const selector
JavaScript note: https://www.farmaciasdrahorro.com.ar/, line 2744: Previously declared at line 2744, column 6
JavaScript error: https://www.farmaciasdrahorro.com.ar/?s=Alikal&post_type=product&dgwt_wcas=1, line 1086: SyntaxError: redeclaration of const selector
JavaScript note: https://www.farmaciasdrahorro.com.ar/?s=Alikal&post_type=product&dgwt_wcas=1, line 1078: Previously declared at line 1078, column 6
JavaScript error: https://www.farmaciasdrahorro.com.ar/productos/sal-antiacido-aspirina/, line 1505: SyntaxError: redeclaration of const selector
JavaScript note: https://www.farmaciasdrahorro.com.ar/productos/sal-antiacido-aspirina/, line 1497: Previously declared at line 1497, column 6
console.warn: LoginRecipes: "Falling back to a synchronous message for: https://www.farmaciasdrahorro.com.ar."
JavaScript error: https://www.farmaciasdrahorro.com.ar/productos/sal-antiacido-aspirina/, line 1602: SyntaxError: redeclaration of const selector
JavaScript note: https://www.farmaciasdrahorro.com.ar/productos/sal-antiacido-aspirina/, line 1594: Previously declared at line 1594, column 6
1692216466656	Marionette	INFO	Stopped listening on port 57184
JavaScript warning: https://www.farmaciasdrahorro.com.ar/wp-includes/js/jquery/jquery.min.js?ver=3.6.4, line 2: Script terminated by timeout at:
S@https://www.farmaciasdrahorro.com.ar/wp-includes/js/jquery/jquery.min.js?ver=3.6.4:2:1044
119/<@https://www.farmaciasdrahorro.com.ar/wp-content/themes/flatsome/assets/js/woocommerce.js?ver=3.8.4:1:5121

Dynamically enable window occlusion 1
[Parent 21728, IPC I/O Parent] WARNING: DuplicateHandle failed for handle 0 in TransferHandles: file /builds/worker/checkouts/gecko/ipc/chromium/src/chrome/common/ipc_channel_win.cc:621
[GPU 23692, IPC I/O Child] WARNING: pipe error: 232: file /builds/worker/checkouts/gecko/ipc/chromium/src/chrome/common/ipc_channel_win.cc:443
[Parent 21728, IPC I/O Parent] WARNING: DuplicateHandle failed for handle 0 in TransferHandles: file /builds/worker/checkouts/gecko/ipc/chromium/src/chrome/common/ipc_channel_win.cc:621
[GPU 23692, IPC I/O Child] WARNING: pipe error: 232: file /builds/worker/checkouts/gecko/ipc/chromium/src/chrome/common/ipc_channel_win.cc:443
[Parent 21728, IPC I/O Parent] WARNING: DuplicateHandle failed for handle 0 in TransferHandles: file /builds/worker/checkouts/gecko/ipc/chromium/src/chrome/common/ipc_channel_win.cc:621
[GPU 23692, IPC I/O Child] WARNING: pipe error: 232: file /builds/worker/checkouts/gecko/ipc/chromium/src/chrome/common/ipc_channel_win.cc:443
[Parent 21728, IPC I/O Parent] WARNING: DuplicateHandle failed for handle 0 in TransferHandles: file /builds/worker/checkouts/gecko/ipc/chromium/src/chrome/common/ipc_channel_win.cc:621
[GPU 23692, IPC I/O Child] WARNING: pipe error: 232: file /builds/worker/checkouts/gecko/ipc/chromium/src/chrome/common/ipc_channel_win.cc:443
[Parent 21728, IPC I/O Parent] WARNING: DuplicateHandle failed for handle 0 in TransferHandles: file /builds/worker/checkouts/gecko/ipc/chromium/src/chrome/common/ipc_channel_win.cc:621
[GPU 23692, IPC I/O Child] WARNING: pipe error: 232: file /builds/worker/checkouts/gecko/ipc/chromium/src/chrome/common/ipc_channel_win.cc:443
